This is pdfTeX, Version 3.14159265-2.6-1.40.16 (MiKTeX 2.9) (preloaded format=pdflatex 2016.5.16)  6 JUL 2016 12:53
entering extended mode
**./Documentation-Template.tex
(Documentation-Template.tex
LaTeX2e <2015/10/01> patch level 2
Babel <3.9n> and hyphenation patterns for 69 languages loaded.

("C:\Users\keyurRakholiya\AppData\Local\Programs\MiKTeX 2.9\tex\latex\base\arti
cle.cls"
Document Class: article 2014/09/29 v1.4h Standard LaTeX document class

("C:\Users\keyurRakholiya\AppData\Local\Programs\MiKTeX 2.9\tex\latex\base\size
11.clo"
File: size11.clo 2014/09/29 v1.4h Standard LaTeX file (size option)
)
\c@part=\count79
\c@section=\count80
\c@subsection=\count81
\c@subsubsection=\count82
\c@paragraph=\count83
\c@subparagraph=\count84
\c@figure=\count85
\c@table=\count86
\abovecaptionskip=\skip41
\belowcaptionskip=\skip42
\bibindent=\dimen102
)
("C:\Users\keyurRakholiya\AppData\Local\Programs\MiKTeX 2.9\tex\latex\graphics\
graphicx.sty"
Package: graphicx 2014/10/28 v1.0g Enhanced LaTeX Graphics (DPC,SPQR)

("C:\Users\keyurRakholiya\AppData\Local\Programs\MiKTeX 2.9\tex\latex\graphics\
keyval.sty"
Package: keyval 2014/10/28 v1.15 key=value parser (DPC)
\KV@toks@=\toks14
)
("C:\Users\keyurRakholiya\AppData\Local\Programs\MiKTeX 2.9\tex\latex\graphics\
graphics.sty"
Package: graphics 2014/10/28 v1.0p Standard LaTeX Graphics (DPC,SPQR)

("C:\Users\keyurRakholiya\AppData\Local\Programs\MiKTeX 2.9\tex\latex\graphics\
trig.sty"
Package: trig 1999/03/16 v1.09 sin cos tan (DPC)
)
("C:\Users\keyurRakholiya\AppData\Local\Programs\MiKTeX 2.9\tex\latex\00miktex\
graphics.cfg"
File: graphics.cfg 2007/01/18 v1.5 graphics configuration of teTeX/TeXLive
)
Package graphics Info: Driver file: pdftex.def on input line 94.

("C:\Users\keyurRakholiya\AppData\Local\Programs\MiKTeX 2.9\tex\latex\pdftex-de
f\pdftex.def"
File: pdftex.def 2011/05/27 v0.06d Graphics/color for pdfTeX

("C:\Users\keyurRakholiya\AppData\Local\Programs\MiKTeX 2.9\tex\generic\oberdie
k\infwarerr.sty"
Package: infwarerr 2010/04/08 v1.3 Providing info/warning/error messages (HO)
)
("C:\Users\keyurRakholiya\AppData\Local\Programs\MiKTeX 2.9\tex\generic\oberdie
k\ltxcmds.sty"
Package: ltxcmds 2011/11/09 v1.22 LaTeX kernel commands for general use (HO)
)
\Gread@gobject=\count87
))
\Gin@req@height=\dimen103
\Gin@req@width=\dimen104
)
("C:\Users\keyurRakholiya\AppData\Local\Programs\MiKTeX 2.9\tex\latex\float\flo
at.sty"
Package: float 2001/11/08 v1.3d Float enhancements (AL)
\c@float@type=\count88
\float@exts=\toks15
\float@box=\box26
\@float@everytoks=\toks16
\@floatcapt=\box27
) (Documentation-Template.aux)
\openout1 = `Documentation-Template.aux'.

LaTeX Font Info:    Checking defaults for OML/cmm/m/it on input line 19.
LaTeX Font Info:    ... okay on input line 19.
LaTeX Font Info:    Checking defaults for T1/cmr/m/n on input line 19.
LaTeX Font Info:    ... okay on input line 19.
LaTeX Font Info:    Checking defaults for OT1/cmr/m/n on input line 19.
LaTeX Font Info:    ... okay on input line 19.
LaTeX Font Info:    Checking defaults for OMS/cmsy/m/n on input line 19.
LaTeX Font Info:    ... okay on input line 19.
LaTeX Font Info:    Checking defaults for OMX/cmex/m/n on input line 19.
LaTeX Font Info:    ... okay on input line 19.
LaTeX Font Info:    Checking defaults for U/cmr/m/n on input line 19.
LaTeX Font Info:    ... okay on input line 19.

("C:\Users\keyurRakholiya\AppData\Local\Programs\MiKTeX 2.9\tex\context\base\su
pp-pdf.mkii"
[Loading MPS to PDF converter (version 2006.09.02).]
\scratchcounter=\count89
\scratchdimen=\dimen105
\scratchbox=\box28
\nofMPsegments=\count90
\nofMParguments=\count91
\everyMPshowfont=\toks17
\MPscratchCnt=\count92
\MPscratchDim=\dimen106
\MPnumerator=\count93
\makeMPintoPDFobject=\count94
\everyMPtoPDFconversion=\toks18
)
LaTeX Font Info:    External font `cmex10' loaded for size
(Font)              <12> on input line 20.
LaTeX Font Info:    External font `cmex10' loaded for size
(Font)              <8> on input line 20.
LaTeX Font Info:    External font `cmex10' loaded for size
(Font)              <6> on input line 20.
 [1

{C:/Users/keyurRakholiya/AppData/Local/MiKTeX/2.9/pdftex/config/pdftex.map}] (D
ocumentation-Template.toc)
\tf@toc=\write3
\openout3 = `Documentation-Template.toc'.

 [2]
Overfull \hbox (43.62346pt too wide) in paragraph at lines 26--27
\OT1/cmr/bx/n/10.95 Calculations for de-cid-ing the com-po-nents to be used for
 drone(quadcopter) 
 []

<equation1.png, id=13, 216.81pt x 19.57312pt>
File: equation1.png Graphic file (type png)
 <use equation1.png>
Package pdftex.def Info: equation1.png used on input line 50.
(pdftex.def)             Requested size: 401.50146pt x 36.25119pt.

Overfull \hbox (41.50146pt too wide) in paragraph at lines 50--51
 [][] 
 []


Underfull \hbox (badness 10000) in paragraph at lines 29--51

 []


Underfull \hbox (badness 10000) in paragraph at lines 29--51

 []


Underfull \hbox (badness 10000) in paragraph at lines 29--51

 []

<eq2.png, id=14, 476.53032pt x 325.96782pt>
File: eq2.png Graphic file (type png)
 <use eq2.png>
Package pdftex.def Info: eq2.png used on input line 55.
(pdftex.def)             Requested size: 401.50146pt x 274.65665pt.

Overfull \hbox (41.50146pt too wide) in paragraph at lines 55--56
 [][] 
 []

[3 <./equation1.png>] <eq3.png, id=18, 357.58594pt x 356.0803pt>
File: eq3.png Graphic file (type png)
 <use eq3.png>
Package pdftex.def Info: eq3.png used on input line 60.
(pdftex.def)             Requested size: 401.50146pt x 399.83412pt.

Overfull \hbox (41.50146pt too wide) in paragraph at lines 60--61
 [][] 
 []

[4 <./eq2.png>]
Missing character: There is no â in font cmr10!
Missing character: There is no € in font cmr10!
Missing character: There is no ™ in font cmr10!
 <mot.jpg, id=22, 622.325pt x 728.7225pt>
File: mot.jpg Graphic file (type jpg)
 <use mot.jpg>
Package pdftex.def Info: mot.jpg used on input line 71.
(pdftex.def)             Requested size: 401.50146pt x 470.15028pt.

Overfull \hbox (41.50146pt too wide) in paragraph at lines 71--72
 [][] 
 []

[5 <./eq3.png>] <prop.jpg, id=26, 72.27pt x 72.27pt>
File: prop.jpg Graphic file (type jpg)
 <use prop.jpg>
Package pdftex.def Info: prop.jpg used on input line 77.
(pdftex.def)             Requested size: 401.50146pt x 401.61151pt.

Overfull \hbox (41.50146pt too wide) in paragraph at lines 77--78
 [][] 
 []


! LaTeX Error: There's no line here to end.

See the LaTeX manual or LaTeX Companion for explanation.
Type  H <return>  for immediate help.
 ...                                              
                                                  
l.81 	\section
              {References }
Your command was ignored.
Type  I <command> <return>  to replace it with another command,
or  <return>  to continue without it.

[6 <./mot.jpg>]
! Undefined control sequence.
l.82 	\url
          {https://quadcopterproject.wordpress.com/static-thrust-calculation/}
The control sequence at the end of the top line
of your error message was never \def'ed. If you have
misspelled it (e.g., `\hobx'), type `I' and the correct
spelling (e.g., `I\hbox'). Otherwise just continue,
and I'll forget about whatever was undefined.

[7 <./prop.jpg>] (Documentation-Template.aux) ) 
Here is how much of TeX's memory you used:
 1216 strings out of 493634
 16679 string characters out of 3131567
 70821 words of memory out of 3000000
 4630 multiletter control sequences out of 15000+200000
 7888 words of font info for 28 fonts, out of 3000000 for 9000
 1025 hyphenation exceptions out of 8191
 27i,6n,19p,254b,218s stack positions out of 5000i,500n,10000p,200000b,50000s
<C:/Users/keyurRakholiya/AppData
/Local/Programs/MiKTeX 2.9/fonts/type1/public/amsfonts/cm/cmbx10.pfb><C:/Users/
keyurRakholiya/AppData/Local/Programs/MiKTeX 2.9/fonts/type1/public/amsfonts/cm
/cmbx12.pfb><C:/Users/keyurRakholiya/AppData/Local/Programs/MiKTeX 2.9/fonts/ty
pe1/public/amsfonts/cm/cmr10.pfb><C:/Users/keyurRakholiya/AppData/Local/Program
s/MiKTeX 2.9/fonts/type1/public/amsfonts/cm/cmr12.pfb><C:/Users/keyurRakholiya/
AppData/Local/Programs/MiKTeX 2.9/fonts/type1/public/amsfonts/cm/cmr17.pfb>
Output written on Documentation-Template.pdf (7 pages, 235470 bytes).
PDF statistics:
 51 PDF objects out of 1000 (max. 8388607)
 0 named destinations out of 1000 (max. 500000)
 26 words of extra memory for PDF output out of 10000 (max. 10000000)

